This is pdfTeX, Version 3.1415926-2.3-1.40.12 (MiKTeX 2.9) (preloaded format=pdflatex 2015.9.8)  9 OCT 2016 10:38
entering extended mode
**E:/JJCao_Progam/PropagatedDenoising/writeup/EGauthorGuidelines-conf-sub.tex
(E:/JJCao_Progam/PropagatedDenoising/writeup/EGauthorGuidelines-conf-sub.tex
LaTeX2e <2011/06/27>
Babel <v3.8m> and hyphenation patterns for loaded.
(E:\JJCao_Progam\PropagatedDenoising\writeup\egpubl.cls
Document Class: egpubl 2015/11/17 Document Style for EG Publications v3.62
\c@table=\count79
\c@figure=\count80
\c@part=\count81
\c@section=\count82
\c@subsection=\count83
\c@subsubsection=\count84
\c@paragraph=\count85
\c@subparagraph=\count86
\titlespace=\skip41
\teaserspace=\skip42
\c@p@volume=\count87
\bibhang=\skip43
\every@verbatim=\toks14
\verbatim@line=\toks15
("D:\Program Files (x86)\CTEX\MiKTeX\tex\generic\oberdiek\ifpdf.sty"
Package: ifpdf 2011/01/30 v2.3 Provides the ifpdf switch (HO)
Package ifpdf Info: pdfTeX in PDF mode is detected.
)
(E:\JJCao_Progam\PropagatedDenoising\writeup\EGauthorGuidelines-conf-sub.lbl))
(E:\JJCao_Progam\PropagatedDenoising\writeup\eg2017.sty)
("D:\Program Files (x86)\CTEX\MiKTeX\tex\latex\graphics\graphicx.sty"
Package: graphicx 1999/02/16 v1.0f Enhanced LaTeX Graphics (DPC,SPQR)

("D:\Program Files (x86)\CTEX\MiKTeX\tex\latex\graphics\keyval.sty"
Package: keyval 1999/03/16 v1.13 key=value parser (DPC)
\KV@toks@=\toks16
)
("D:\Program Files (x86)\CTEX\MiKTeX\tex\latex\graphics\graphics.sty"
Package: graphics 2009/02/05 v1.0o Standard LaTeX Graphics (DPC,SPQR)

("D:\Program Files (x86)\CTEX\MiKTeX\tex\latex\graphics\trig.sty"
Package: trig 1999/03/16 v1.09 sin cos tan (DPC)
)
("D:\Program Files (x86)\CTEX\MiKTeX\tex\latex\00miktex\graphics.cfg"
File: graphics.cfg 2007/01/18 v1.5 graphics configuration of teTeX/TeXLive
)
Package graphics Info: Driver file: pdftex.def on input line 91.

("D:\Program Files (x86)\CTEX\MiKTeX\tex\latex\pdftex-def\pdftex.def"
File: pdftex.def 2011/05/27 v0.06d Graphics/color for pdfTeX

("D:\Program Files (x86)\CTEX\MiKTeX\tex\generic\oberdiek\infwarerr.sty"
Package: infwarerr 2010/04/08 v1.3 Providing info/warning/message (HO)
)
("D:\Program Files (x86)\CTEX\MiKTeX\tex\generic\oberdiek\ltxcmds.sty"
Package: ltxcmds 2011/04/18 v1.20 LaTeX kernel commands for general use (HO)
)
\Gread@gobject=\count88
))
\Gin@req@height=\dimen102
\Gin@req@width=\dimen103
)
("D:\Program Files (x86)\CTEX\MiKTeX\tex\latex\hyperref\hyperref.sty"
Package: hyperref 2012/02/06 v6.82o Hypertext links for LaTeX

("D:\Program Files (x86)\CTEX\MiKTeX\tex\generic\oberdiek\hobsub-hyperref.sty"
Package: hobsub-hyperref 2011/04/23 v1.4 Bundle oberdiek, subset hyperref (HO)

("D:\Program Files (x86)\CTEX\MiKTeX\tex\generic\oberdiek\hobsub-generic.sty"
Package: hobsub-generic 2011/04/23 v1.4 Bundle oberdiek, subset generic (HO)
Package: hobsub 2011/04/23 v1.4 Subsetting bundle oberdiek (HO)
Package hobsub Info: Skipping package `infwarerr' (already loaded).
Package hobsub Info: Skipping package `ltxcmds' (already loaded).
Package: ifluatex 2010/03/01 v1.3 Provides the ifluatex switch (HO)
Package ifluatex Info: LuaTeX not detected.
Package: ifvtex 2010/03/01 v1.5 Switches for detecting VTeX and its modes (HO)
Package ifvtex Info: VTeX not detected.
Package: intcalc 2007/09/27 v1.1 Expandable integer calculations (HO)
Package hobsub Info: Skipping package `ifpdf' (already loaded).
Package: etexcmds 2011/02/16 v1.5 Prefix for e-TeX command names (HO)
Package etexcmds Info: Could not find \expanded.
(etexcmds)             That can mean that you are not using pdfTeX 1.50 or
(etexcmds)             that some package has redefined \expanded.
(etexcmds)             In the latter case, load this package earlier.
Package: kvsetkeys 2011/04/07 v1.13 Key value parser (HO)
Package: kvdefinekeys 2011/04/07 v1.3 Defining keys (HO)
Package: pdftexcmds 2011/04/22 v0.16 Utilities of pdfTeX for LuaTeX (HO)
Package pdftexcmds Info: LuaTeX not detected.
Package pdftexcmds Info: \pdf@primitive is available.
Package pdftexcmds Info: \pdf@ifprimitive is available.
Package pdftexcmds Info: \pdfdraftmode found.
Package: pdfescape 2011/04/04 v1.12 Provides string conversions (HO)
Package: bigintcalc 2011/01/30 v1.2 Expandable big integer calculations (HO)
Package: bitset 2011/01/30 v1.1 Data type bit set (HO)
Package: uniquecounter 2011/01/30 v1.2 Provides unlimited unique counter (HO)
)
Package hobsub Info: Skipping package `hobsub' (already loaded).
Package: letltxmacro 2010/09/02 v1.4 Let assignment for LaTeX macros (HO)
Package: hopatch 2011/01/30 v1.0 Wrapper for package hooks (HO)
Package: xcolor-patch 2011/01/30 xcolor patch
Package: atveryend 2011/04/23 v1.7 Hooks at very end of document (HO)
Package: atbegshi 2011/01/30 v1.15 At begin shipout hook (HO)
Package: refcount 2010/12/01 v3.2 Data extraction from references (HO)
Package: hycolor 2011/01/30 v1.7 Color options of hyperref/bookmark (HO)
) ("D:\Program Files (x86)\CTEX\MiKTeX\tex\generic\ifxetex\ifxetex.sty"
Package: ifxetex 2010/09/12 v0.6 Provides ifxetex conditional
)
("D:\Program Files (x86)\CTEX\MiKTeX\tex\latex\oberdiek\kvoptions.sty"
Package: kvoptions 2010/12/23 v3.10 Keyval support for LaTeX options (HO)
)
\@linkdim=\dimen104
\Hy@linkcounter=\count89
\Hy@pagecounter=\count90

("D:\Program Files (x86)\CTEX\MiKTeX\tex\latex\hyperref\pd1enc.def"
File: pd1enc.def 2012/02/06 v6.82o Hyperref: PDFDocEncoding definition (HO)
)
\Hy@SavedSpaceFactor=\count91

("D:\Program Files (x86)\CTEX\MiKTeX\tex\latex\00miktex\hyperref.cfg"
File: hyperref.cfg 2002/06/06 v1.2 hyperref configuration of TeXLive
)
Package hyperref Info: Option `colorlinks' set `true' on input line 3925.
Package hyperref Info: Option `bookmarks' set `false' on input line 3925.
Package hyperref Info: Hyper figures OFF on input line 4046.
Package hyperref Info: Link nesting OFF on input line 4051.
Package hyperref Info: Hyper index ON on input line 4054.
Package hyperref Info: Plain pages OFF on input line 4061.
Package hyperref Info: Backreferencing ON on input line 4064.
Package hyperref Info: Implicit mode ON; LaTeX internals redefined.
Package hyperref Info: Bookmarks OFF on input line 4290.

("D:\Program Files (x86)\CTEX\MiKTeX\tex\latex\hyperref\backref.sty"
Package: backref 2010/08/30 v1.36 Bibliographical back referencing

("D:\Program Files (x86)\CTEX\MiKTeX\tex\latex\oberdiek\rerunfilecheck.sty"
Package: rerunfilecheck 2011/04/15 v1.7 Rerun checks for auxiliary files (HO)
Package uniquecounter Info: New unique counter `rerunfilecheck' on input line 2
82.
))
\c@Hy@tempcnt=\count92

("D:\Program Files (x86)\CTEX\MiKTeX\tex\latex\ltxmisc\url.sty"
\Urlmuskip=\muskip10
Package: url 2006/04/12  ver 3.3  Verb mode for urls, etc.
)
LaTeX Info: Redefining \url on input line 4637.
\Fld@menulength=\count93
\Field@Width=\dimen105
\Fld@charsize=\dimen106
Package hyperref Info: Hyper figures OFF on input line 5757.
Package hyperref Info: Link nesting OFF on input line 5762.
Package hyperref Info: Hyper index ON on input line 5765.
Package hyperref Info: backreferencing ON on input line 5770.
Package hyperref Info: Link coloring ON on input line 5775.
Package hyperref Info: Link coloring with OCG OFF on input line 5782.
Package hyperref Info: PDF/A mode OFF on input line 5787.
LaTeX Info: Redefining \ref on input line 5827.
LaTeX Info: Redefining \pageref on input line 5831.
\Hy@abspage=\count94
\c@Item=\count95
\c@Hfootnote=\count96
)

Package hyperref Message: Driver: hpdftex.

("D:\Program Files (x86)\CTEX\MiKTeX\tex\latex\hyperref\hpdftex.def"
File: hpdftex.def 2012/02/06 v6.82o Hyperref driver for pdfTeX
\Fld@listcount=\count97
\c@bookmark@seq@number=\count98
\Hy@SectionHShift=\skip44
)
("D:\Program Files (x86)\CTEX\MiKTeX\tex\latex\base\t1enc.sty"
Package: t1enc 1994/06/01 Standard LaTeX package
)
(E:\JJCao_Progam\PropagatedDenoising\writeup\dfadobe.sty
Package: dfadobe 2000/03/05 v1.4 T1-encoded Times (except symbols), Courier, He
lvetica (at 90\%) + math package
LaTeX Font Info:    Redeclaring symbol font `operators' on input line 14.
LaTeX Font Info:    Overwriting symbol font `operators' in version `normal'
(Font)                  OT1/cmr/m/n --> OT1/ptmcm/m/n on input line 14.
LaTeX Font Info:    Overwriting symbol font `operators' in version `bold'
(Font)                  OT1/cmr/bx/n --> OT1/ptmcm/m/n on input line 14.
LaTeX Font Info:    Redeclaring symbol font `letters' on input line 15.
LaTeX Font Info:    Overwriting symbol font `letters' in version `normal'
(Font)                  OML/cmm/m/it --> OML/ptmcm/m/it on input line 15.
LaTeX Font Info:    Overwriting symbol font `letters' in version `bold'
(Font)                  OML/cmm/b/it --> OML/ptmcm/m/it on input line 15.
LaTeX Font Info:    Redeclaring symbol font `largesymbols' on input line 16.
LaTeX Font Info:    Overwriting symbol font `largesymbols' in version `normal'
(Font)                  OMX/cmex/m/n --> OMX/psycm/m/n on input line 16.
LaTeX Font Info:    Overwriting symbol font `largesymbols' in version `bold'
(Font)                  OMX/cmex/m/n --> OMX/psycm/m/n on input line 16.
\symbold=\mathgroup4
\symitalic=\mathgroup5
LaTeX Font Info:    Redeclaring math alphabet \mathbf on input line 19.
LaTeX Font Info:    Overwriting math alphabet `\mathbf' in version `normal'
(Font)                  OT1/cmr/bx/n --> OT1/ptm/bx/n on input line 19.
LaTeX Font Info:    Overwriting math alphabet `\mathbf' in version `bold'
(Font)                  OT1/cmr/bx/n --> OT1/ptm/bx/n on input line 19.
LaTeX Font Info:    Redeclaring math alphabet \mathit on input line 20.
LaTeX Font Info:    Overwriting math alphabet `\mathit' in version `normal'
(Font)                  OT1/cmr/m/it --> OT1/ptm/m/it on input line 20.
LaTeX Font Info:    Overwriting math alphabet `\mathit' in version `bold'
(Font)                  OT1/cmr/bx/it --> OT1/ptm/m/it on input line 20.

(E:\JJCao_Progam\PropagatedDenoising\writeup\dfT1ptm.fd
File: dfT1ptm.fd 2000/03/05 DF - Fontinst v1.6 font definitions for T1/ptm.
)
(E:\JJCao_Progam\PropagatedDenoising\writeup\dfT1phv.fd
File: dfT1phv.fd 1997/12/02 Fontinst v1.6 font definitions for T1/phv scaled to
 90\%.
)
(E:\JJCao_Progam\PropagatedDenoising\writeup\dfT1pcr.fd
File: dfT1pcr.fd 2000/03/05 DF - Fontinst v1.6 font definitions for T1/pcr.
))
(E:\JJCao_Progam\PropagatedDenoising\writeup\egweblnk.sty
Package: egweblnk 2004/10/29 v2.2 DF's support for http web links in class egpu
bl
)
("D:\Program Files (x86)\CTEX\MiKTeX\tex\latex\cite\cite.sty"
LaTeX Info: Redefining \cite on input line 302.
LaTeX Info: Redefining \nocite on input line 373.
Package: cite 2010/09/10  v 5.3
)
("D:\Program Files (x86)\CTEX\MiKTeX\tex\latex\algorithms\algorithm.sty"
Package: algorithm 2009/08/24 v0.1 Document Style `algorithm' - floating enviro
nment

("D:\Program Files (x86)\CTEX\MiKTeX\tex\latex\float\float.sty"
Package: float 2001/11/08 v1.3d Float enhancements (AL)
\c@float@type=\count99
\float@exts=\toks17
\float@box=\box26
\@float@everytoks=\toks18
\@floatcapt=\box27
)
("D:\Program Files (x86)\CTEX\MiKTeX\tex\latex\base\ifthen.sty"
Package: ifthen 2001/05/26 v1.1c Standard LaTeX ifthen package (DPC)
)
\@float@every@algorithm=\toks19
\c@algorithm=\count100
)
("D:\Program Files (x86)\CTEX\MiKTeX\tex\latex\algorithms\algorithmic.sty"
Package: algorithmic 2009/08/24 v0.1 Document Style `algorithmic'
\c@ALC@unique=\count101
\c@ALC@line=\count102
\c@ALC@rem=\count103
\c@ALC@depth=\count104
\ALC@tlm=\skip45
\algorithmicindent=\skip46
)
("D:\Program Files (x86)\CTEX\MiKTeX\tex\latex\mh\mathtools.sty"
Package: mathtools 2011/04/06 v1.11 mathematical typesetting tools

("D:\Program Files (x86)\CTEX\MiKTeX\tex\latex\tools\calc.sty"
Package: calc 2007/08/22 v4.3 Infix arithmetic (KKT,FJ)
\calc@Acount=\count105
\calc@Bcount=\count106
\calc@Adimen=\dimen107
\calc@Bdimen=\dimen108
\calc@Askip=\skip47
\calc@Bskip=\skip48
LaTeX Info: Redefining \setlength on input line 76.
LaTeX Info: Redefining \addtolength on input line 77.
\calc@Ccount=\count107
\calc@Cskip=\skip49
)
("D:\Program Files (x86)\CTEX\MiKTeX\tex\latex\mh\mhsetup.sty"
Package: mhsetup 2010/01/21 v1.2a programming setup (MH)
)
("D:\Program Files (x86)\CTEX\MiKTeX\tex\latex\ams\math\amsmath.sty"
Package: amsmath 2000/07/18 v2.13 AMS math features
\@mathmargin=\skip50

For additional information on amsmath, use the `?' option.
("D:\Program Files (x86)\CTEX\MiKTeX\tex\latex\ams\math\amstext.sty"
Package: amstext 2000/06/29 v2.01

("D:\Program Files (x86)\CTEX\MiKTeX\tex\latex\ams\math\amsgen.sty"
File: amsgen.sty 1999/11/30 v2.0
\@emptytoks=\toks20
\ex@=\dimen109
))
("D:\Program Files (x86)\CTEX\MiKTeX\tex\latex\ams\math\amsbsy.sty"
Package: amsbsy 1999/11/29 v1.2d
\pmbraise@=\dimen110
)
("D:\Program Files (x86)\CTEX\MiKTeX\tex\latex\ams\math\amsopn.sty"
Package: amsopn 1999/12/14 v2.01 operator names
)
\inf@bad=\count108
LaTeX Info: Redefining \frac on input line 211.
\uproot@=\count109
\leftroot@=\count110
LaTeX Info: Redefining \overline on input line 307.
\classnum@=\count111
\DOTSCASE@=\count112
LaTeX Info: Redefining \ldots on input line 379.
LaTeX Info: Redefining \dots on input line 382.
LaTeX Info: Redefining \cdots on input line 467.
\Mathstrutbox@=\box28
\strutbox@=\box29
\big@size=\dimen111
LaTeX Font Info:    Redeclaring font encoding OML on input line 567.
LaTeX Font Info:    Redeclaring font encoding OMS on input line 568.
\macc@depth=\count113
\c@MaxMatrixCols=\count114
\dotsspace@=\muskip11
\c@parentequation=\count115
\dspbrk@lvl=\count116
\tag@help=\toks21
\row@=\count117
\column@=\count118
\maxfields@=\count119
\andhelp@=\toks22
\eqnshift@=\dimen112
\alignsep@=\dimen113
\tagshift@=\dimen114
\tagwidth@=\dimen115
\totwidth@=\dimen116
\lineht@=\dimen117
\@envbody=\toks23
\multlinegap=\skip51
\multlinetaggap=\skip52
\mathdisplay@stack=\toks24
LaTeX Info: Redefining \[ on input line 2666.
LaTeX Info: Redefining \] on input line 2667.
)
\g_MT_multlinerow_int=\count120
\l_MT_multwidth_dim=\dimen118
\origjot=\skip53
\l_MT_shortvdotswithinadjustabove_dim=\dimen119
\l_MT_shortvdotswithinadjustbelow_dim=\dimen120
)
("D:\Program Files (x86)\CTEX\MiKTeX\tex\latex\multirow\multirow.sty"
\bigstrutjot=\dimen121
)
("D:\Program Files (x86)\CTEX\MiKTeX\tex\latex\subfigure\subfigure.sty"
Package: subfigure 2002/07/30 v2.1.4 subfigure package
\subfigtopskip=\skip54
\subfigcapskip=\skip55
\subfigcaptopadj=\dimen122
\subfigbottomskip=\skip56
\subfigcapmargin=\dimen123
\subfiglabelskip=\skip57
\c@subfigure=\count121
\c@lofdepth=\count122
\c@subtable=\count123
\c@lotdepth=\count124

****************************************
* Local config file subfigure.cfg used *
****************************************
("D:\Program Files (x86)\CTEX\MiKTeX\tex\latex\subfigure\subfigure.cfg")
\subfig@top=\skip58
\subfig@bottom=\skip59
)
("D:\Program Files (x86)\CTEX\MiKTeX\tex\latex\graphics\color.sty"
Package: color 2005/11/14 v1.0j Standard LaTeX Color (DPC)

("D:\Program Files (x86)\CTEX\MiKTeX\tex\latex\00miktex\color.cfg"
File: color.cfg 2007/01/18 v1.5 color configuration of teTeX/TeXLive
)
Package color Info: Driver file: pdftex.def on input line 130.
)
(E:\JJCao_Progam\PropagatedDenoising\writeup\EGauthorGuidelines-body.inc
(E:\JJCao_Progam\PropagatedDenoising\writeup\EGauthorGuidelines-conf-sub.aux)
LaTeX Font Info:    Checking defaults for OML/cmm/m/it on input line 31.
LaTeX Font Info:    ... okay on input line 31.
LaTeX Font Info:    Checking defaults for T1/cmr/m/n on input line 31.
LaTeX Font Info:    ... okay on input line 31.
LaTeX Font Info:    Checking defaults for OT1/cmr/m/n on input line 31.
LaTeX Font Info:    ... okay on input line 31.
LaTeX Font Info:    Checking defaults for OMS/cmsy/m/n on input line 31.
LaTeX Font Info:    ... okay on input line 31.
LaTeX Font Info:    Checking defaults for OMX/cmex/m/n on input line 31.
LaTeX Font Info:    ... okay on input line 31.
LaTeX Font Info:    Checking defaults for U/cmr/m/n on input line 31.
LaTeX Font Info:    ... okay on input line 31.
LaTeX Font Info:    Checking defaults for PD1/pdf/m/n on input line 31.
LaTeX Font Info:    ... okay on input line 31.

("D:\Program Files (x86)\CTEX\MiKTeX\tex\context\base\supp-pdf.mkii"
[Loading MPS to PDF converter (version 2006.09.02).]
\scratchcounter=\count125
\scratchdimen=\dimen124
\scratchbox=\box30
\nofMPsegments=\count126
\nofMParguments=\count127
\everyMPshowfont=\toks25
\MPscratchCnt=\count128
\MPscratchDim=\dimen125
\MPnumerator=\count129
\makeMPintoPDFobject=\count130
\everyMPtoPDFconversion=\toks26
)
\AtBeginShipoutBox=\box31


Package hyperref Warning: Height of page (\paperheight) is invalid (0.0pt),
(hyperref)                using 11in.

Package hyperref Info: Link coloring ON on input line 31.
("D:\Program Files (x86)\CTEX\MiKTeX\tex\latex\hyperref\nameref.sty"
Package: nameref 2010/04/30 v2.40 Cross-referencing by name of section

("D:\Program Files (x86)\CTEX\MiKTeX\tex\generic\oberdiek\gettitlestring.sty"
Package: gettitlestring 2010/12/03 v1.4 Cleanup title references (HO)
)
\c@section@level=\count131
)
LaTeX Info: Redefining \ref on input line 31.
LaTeX Info: Redefining \pageref on input line 31.
LaTeX Info: Redefining \nameref on input line 31.
LaTeX Font Info:    Font shape `T1/ptm/bx/n' in size <17.28> not available
(Font)              Font shape `T1/ptm/b/n' tried instead on input line 35.
LaTeX Font Info:    Try loading font information for OT1+ptmcm on input line 35
.
("D:\Program Files (x86)\CTEX\MiKTeX\tex\latex\psnfss\ot1ptmcm.fd"
File: ot1ptmcm.fd 2000/01/03 Fontinst v1.801 font definitions for OT1/ptmcm.
)
LaTeX Font Info:    Try loading font information for OML+ptmcm on input line 35
.

("D:\Program Files (x86)\CTEX\MiKTeX\tex\latex\psnfss\omlptmcm.fd"
File: omlptmcm.fd 2000/01/03 Fontinst v1.801 font definitions for OML/ptmcm.
)
LaTeX Font Info:    Try loading font information for OMX+psycm on input line 35
.

("D:\Program Files (x86)\CTEX\MiKTeX\tex\latex\psnfss\omxpsycm.fd"
File: omxpsycm.fd 2000/01/03 Fontinst v1.801 font definitions for OMX/psycm.
)
LaTeX Font Info:    Try loading font information for OT1+ptm on input line 35.

("D:\Program Files (x86)\CTEX\MiKTeX\tex\latex\psnfss\ot1ptm.fd"
File: ot1ptm.fd 2001/06/04 font definitions for OT1/ptm.
)
LaTeX Font Info:    Font shape `T1/ptm/bx/n' in size <9> not available
(Font)              Font shape `T1/ptm/b/n' tried instead on input line 36.

Underfull \hbox (badness 10000) in paragraph at lines 36--48

 []

(E:\JJCao_Progam\PropagatedDenoising\writeup\introduction.tex
<results/Relation/relation.jpg, id=18, 505.89pt x 238.0092pt>
File: results/Relation/relation.jpg Graphic file (type jpg)

<use results/Relation/relation.jpg>
Package pdftex.def Info: results/Relation/relation.jpg used on input line 24.
(pdftex.def)             Requested size: 142.26378pt x 66.93265pt.
)
(E:\JJCao_Progam\PropagatedDenoising\writeup\related.tex [1{D:/Program Files (x
86)/CTEX/UserData/pdftex/config/pdftex.map{Unicode.sfd}{UGBK.sfd}}


pdfTeX warning (ext4): destination with the same identifier (name{figure.1}) ha
s been already used, duplicate ignored

\AtBegShi@Output ...ipout \box \AtBeginShipoutBox 
                                                  \fi \fi 
l.1 \section
            {Relate work} <E:/JJCao_Progam/PropagatedDenoising/writeup/results/
Relation/relation.jpg>])
(E:\JJCao_Progam\PropagatedDenoising\writeup\algorithm.tex [2]
<results/shortest/shortest.jpg, id=115, 1401.5562pt x 462.528pt>
File: results/shortest/shortest.jpg Graphic file (type jpg)

<use results/shortest/shortest.jpg>
Package pdftex.def Info: results/shortest/shortest.jpg used on input line 108.
(pdftex.def)             Requested size: 199.16928pt x 65.72742pt.
LaTeX Font Info:    Font shape `OT1/ptm/bx/n' in size <9> not available
(Font)              Font shape `OT1/ptm/b/n' tried instead on input line 129.
LaTeX Font Info:    Font shape `OT1/ptm/bx/n' in size <7> not available
(Font)              Font shape `OT1/ptm/b/n' tried instead on input line 129.
LaTeX Font Info:    Font shape `OT1/ptm/bx/n' in size <5> not available
(Font)              Font shape `OT1/ptm/b/n' tried instead on input line 129.

Underfull \hbox (badness 10000) in paragraph at lines 146--154
\T1/ptm/m/n/9 where $\OML/ptmcm/m/it/9 W[]$ \T1/ptm/m/n/9 is the nor-mal-iza-ti
on fac-tor, cal-cu-lat-ed by
 []


Underfull \hbox (badness 2980) in paragraph at lines 146--154
$\OMS/cmsy/m/n/9 jj [] \OML/ptmcm/m/it/9 A[]g\OT1/ptmcm/m/n/9 (\OML/ptmcm/m/it/
9 d[]\OT1/ptmcm/m/n/9 ([]\OML/ptmcm/m/it/9 ; []\OT1/ptmcm/m/n/9 ); \OML/ptmcm/m
/it/9 []\OT1/ptmcm/m/n/9 )\OML/ptmcm/m/it/9 g\OT1/ptmcm/m/n/9 (\OML/ptmcm/m/it
/9 d[]\OT1/ptmcm/m/n/9 ([]\OML/ptmcm/m/it/9 ; []\OT1/ptmcm/m/n/9 ); \OML/ptmcm/
m/it/9 []\OT1/ptmcm/m/n/9 )\OMS/cmsy/m/n/9 jj$ \T1/ptm/m/n/9 which en-sures th
at $[]$
 []

[3pdfTeX warning (ext4): destination with the same identifier (name{figure.2}) 
has been already used, duplicate ignored

\AtBegShi@Output ...ipout \box \AtBeginShipoutBox 
                                                  \fi \fi 
l.160 A
       lthough the geodesic algorithm gives the shortest distance $d^s$ and ...
 <E:/JJCao_Progam/PropagatedDenoising/writeup/results/shortest/shortest.jpg>]
<results/Norm/norm.jpg, id=141, 1746.525pt x 490.08093pt>
File: results/Norm/norm.jpg Graphic file (type jpg)

<use results/Norm/norm.jpg>
Package pdftex.def Info: results/Norm/norm.jpg used on input line 168.
(pdftex.def)             Requested size: 213.39566pt x 59.87653pt.

<results/Path/path1.jpg, id=142, 1055.142pt x 323.2878pt>
File: results/Path/path1.jpg Graphic file (type jpg)

<use results/Path/path1.jpg>
Package pdftex.def Info: results/Path/path1.jpg used on input line 178.
(pdftex.def)             Requested size: 213.39566pt x 65.38155pt.
Package hyperref Info: bookmark level for unknown algorithm defaults to 0 on in
put line 210.
 [4pdfTeX warning (ext4): destination with the same identifier (name{figure.3})
 has been already used, duplicate ignored

\AtBegShi@Output ...ipout \box \AtBeginShipoutBox 
                                                  \fi \fi 
l.260 {\bfseries A
                  dvantages.}pdfTeX warning (ext4): destination with the same i
dentifier (name{figure.4}) has been already used, duplicate ignored

\AtBegShi@Output ...ipout \box \AtBeginShipoutBox 
                                                  \fi \fi 
l.260 {\bfseries A
                  dvantages.} <E:/JJCao_Progam/PropagatedDenoising/writeup/resu
lts/Norm/norm.jpg> <E:/JJCao_Progam/PropagatedDenoising/writeup/results/Path/pa
th1.jpg>]

LaTeX Warning: Command \textcircled invalid in math mode on input line 266.

LaTeX Font Info:    Try loading font information for OMS+ptm on input line 266.

("D:\Program Files (x86)\CTEX\MiKTeX\tex\latex\psnfss\omsptm.fd"
File: omsptm.fd 
)
LaTeX Font Info:    Font shape `OMS/ptm/m/n' in size <9> not available
(Font)              Font shape `OMS/cmsy/m/n' tried instead on input line 266.


LaTeX Warning: Command \textcircled invalid in math mode on input line 266.


LaTeX Warning: Command \textcircled invalid in math mode on input line 266.


LaTeX Warning: Command \textcircled invalid in math mode on input line 266.


LaTeX Warning: Command \textcircled invalid in math mode on input line 266.


LaTeX Warning: Command \textcircled invalid in math mode on input line 266.

) (E:\JJCao_Progam\PropagatedDenoising\writeup\results.tex
<results/SigmaR/sigma_r.jpg, id=174, 1635.2292pt x 526.1256pt>
File: results/SigmaR/sigma_r.jpg Graphic file (type jpg)

<use results/SigmaR/sigma_r.jpg>
Package pdftex.def Info: results/SigmaR/sigma_r.jpg used on input line 6.
(pdftex.def)             Requested size: 213.39566pt x 68.65562pt.

<results/Radius/radius.jpg, id=175, 1585.122pt x 464.4552pt>
File: results/Radius/radius.jpg Graphic file (type jpg)

<use results/Radius/radius.jpg>
Package pdftex.def Info: results/Radius/radius.jpg used on input line 14.
(pdftex.def)             Requested size: 213.39566pt x 62.52156pt.

<results/Octahedron0.3/snapshot00C.jpg, id=187, 486.45605pt x 482.46916pt>
File: results/Octahedron0.3/snapshot00C.jpg Graphic file (type jpg)

<use results/Octahedron0.3/snapshot00C.jpg>
Package pdftex.def Info: results/Octahedron0.3/snapshot00C.jpg used on input li
ne 103.
(pdftex.def)             Requested size: 45.52458pt x 45.15039pt.

<results/Octahedron0.3/snapshot01C.jpg, id=188, 479.54156pt x 469.00218pt>
File: results/Octahedron0.3/snapshot01C.jpg Graphic file (type jpg)

<use results/Octahedron0.3/snapshot01C.jpg>
Package pdftex.def Info: results/Octahedron0.3/snapshot01C.jpg used on input li
ne 105.
(pdftex.def)             Requested size: 51.21504pt x 50.08755pt.

<results/Octahedron0.3/snapshot02C.jpg, id=189, 460.72125pt x 452.4403pt>
File: results/Octahedron0.3/snapshot02C.jpg Graphic file (type jpg)

<use results/Octahedron0.3/snapshot02C.jpg>
Package pdftex.def Info: results/Octahedron0.3/snapshot02C.jpg used on input li
ne 107.
(pdftex.def)             Requested size: 51.21504pt x 50.29326pt.

<results/Octahedron0.3/snapshot03C.jpg, id=190, 487.06969pt x 478.78876pt>
File: results/Octahedron0.3/snapshot03C.jpg Graphic file (type jpg)

<use results/Octahedron0.3/snapshot03C.jpg>
Package pdftex.def Info: results/Octahedron0.3/snapshot03C.jpg used on input li
ne 109.
(pdftex.def)             Requested size: 51.21504pt x 50.3437pt.

<results/Octahedron0.3/snapshot04C.jpg, id=191, 478.03593pt x 474.27188pt>
File: results/Octahedron0.3/snapshot04C.jpg Graphic file (type jpg)

<use results/Octahedron0.3/snapshot04C.jpg>
Package pdftex.def Info: results/Octahedron0.3/snapshot04C.jpg used on input li
ne 111.
(pdftex.def)             Requested size: 51.21504pt x 50.80954pt.

<results/Octahedron0.3/snapshot05C.jpg, id=192, 479.54156pt x 479.54156pt>
File: results/Octahedron0.3/snapshot05C.jpg Graphic file (type jpg)

<use results/Octahedron0.3/snapshot05C.jpg>
Package pdftex.def Info: results/Octahedron0.3/snapshot05C.jpg used on input li
ne 113.
(pdftex.def)             Requested size: 51.21504pt x 51.21312pt.

<results/Octahedron0.3/snapshot06C.jpg, id=193, 469.00218pt x 458.46281pt>
File: results/Octahedron0.3/snapshot06C.jpg Graphic file (type jpg)

<use results/Octahedron0.3/snapshot06C.jpg>
Package pdftex.def Info: results/Octahedron0.3/snapshot06C.jpg used on input li
ne 115.
(pdftex.def)             Requested size: 51.21504pt x 50.06029pt.

<results/Octahedron0.3/snapshot07C.jpg, id=194, 478.78876pt x 465.23813pt>
File: results/Octahedron0.3/snapshot07C.jpg Graphic file (type jpg)

<use results/Octahedron0.3/snapshot07C.jpg>
Package pdftex.def Info: results/Octahedron0.3/snapshot07C.jpg used on input li
ne 117.
(pdftex.def)             Requested size: 51.21504pt x 49.76366pt.

<results/Octahedron0.3/snapshot08C.jpg, id=195, 484.81125pt x 458.46281pt>
File: results/Octahedron0.3/snapshot08C.jpg Graphic file (type jpg)

<use results/Octahedron0.3/snapshot08C.jpg>
Package pdftex.def Info: results/Octahedron0.3/snapshot08C.jpg used on input li
ne 119.
(pdftex.def)             Requested size: 51.21504pt x 48.43033pt.

<results/Fandisk0.3/snapshot00.jpg, id=208, 471.26062pt x 419.31656pt>
File: results/Fandisk0.3/snapshot00.jpg Graphic file (type jpg)

<use results/Fandisk0.3/snapshot00.jpg>
Package pdftex.def Info: results/Fandisk0.3/snapshot00.jpg used on input line 1
31.
(pdftex.def)             Requested size: 51.21504pt x 45.56831pt.

<results/Fandisk0.3/snapshot01.jpg, id=209, 736.25063pt x 655.69969pt>
File: results/Fandisk0.3/snapshot01.jpg Graphic file (type jpg)

<use results/Fandisk0.3/snapshot01.jpg>
Package pdftex.def Info: results/Fandisk0.3/snapshot01.jpg used on input line 1
33.
(pdftex.def)             Requested size: 51.21504pt x 45.6035pt.

<results/Fandisk0.3/snapshot02.jpg, id=210, 735.49782pt x 655.69969pt>
File: results/Fandisk0.3/snapshot02.jpg Graphic file (type jpg)

<use results/Fandisk0.3/snapshot02.jpg>
Package pdftex.def Info: results/Fandisk0.3/snapshot02.jpg used on input line 1
35.
(pdftex.def)             Requested size: 51.21504pt x 45.65353pt.

<results/Fandisk0.3/snapshot03.jpg, id=211, 736.25063pt x 655.69969pt>
File: results/Fandisk0.3/snapshot03.jpg Graphic file (type jpg)

<use results/Fandisk0.3/snapshot03.jpg>
Package pdftex.def Info: results/Fandisk0.3/snapshot03.jpg used on input line 1
37.
(pdftex.def)             Requested size: 51.21504pt x 45.6035pt.

<results/Fandisk0.3/snapshot04.jpg, id=212, 736.25063pt x 654.94687pt>
File: results/Fandisk0.3/snapshot04.jpg Graphic file (type jpg)

<use results/Fandisk0.3/snapshot04.jpg>
Package pdftex.def Info: results/Fandisk0.3/snapshot04.jpg used on input line 1
39.
(pdftex.def)             Requested size: 51.21504pt x 45.55115pt.

<results/Fandisk0.3/snapshot05.jpg, id=213, 735.49782pt x 654.94687pt>
File: results/Fandisk0.3/snapshot05.jpg Graphic file (type jpg)

<use results/Fandisk0.3/snapshot05.jpg>
Package pdftex.def Info: results/Fandisk0.3/snapshot05.jpg used on input line 1
41.
(pdftex.def)             Requested size: 51.21504pt x 45.60112pt.

<results/Fandisk0.3/snapshot06.jpg, id=214, 735.49782pt x 654.94687pt>
File: results/Fandisk0.3/snapshot06.jpg Graphic file (type jpg)

<use results/Fandisk0.3/snapshot06.jpg>
Package pdftex.def Info: results/Fandisk0.3/snapshot06.jpg used on input line 1
43.
(pdftex.def)             Requested size: 51.21504pt x 45.60112pt.

<results/Fandisk0.3/snapshot07.jpg, id=215, 736.25063pt x 655.69969pt>
File: results/Fandisk0.3/snapshot07.jpg Graphic file (type jpg)

<use results/Fandisk0.3/snapshot07.jpg>
Package pdftex.def Info: results/Fandisk0.3/snapshot07.jpg used on input line 1
45.
(pdftex.def)             Requested size: 51.21504pt x 45.6035pt.

<results/Fandisk0.3/snapshot08.jpg, id=216, 735.49782pt x 655.69969pt>
File: results/Fandisk0.3/snapshot08.jpg Graphic file (type jpg)

<use results/Fandisk0.3/snapshot08.jpg>
Package pdftex.def Info: results/Fandisk0.3/snapshot08.jpg used on input line 1
47.
(pdftex.def)             Requested size: 51.21504pt x 45.65353pt.

<results/Prism0.1/snapshot00.jpg, id=217, 287.57437pt x 309.40594pt>
File: results/Prism0.1/snapshot00.jpg Graphic file (type jpg)

<use results/Prism0.1/snapshot00.jpg>
Package pdftex.def Info: results/Prism0.1/snapshot00.jpg used on input line 152
.
(pdftex.def)             Requested size: 51.21504pt x 55.10051pt.

<results/Prism0.1/snapshot01.jpg, id=218, 287.57437pt x 309.40594pt>
File: results/Prism0.1/snapshot01.jpg Graphic file (type jpg)

<use results/Prism0.1/snapshot01.jpg>
Package pdftex.def Info: results/Prism0.1/snapshot01.jpg used on input line 154
.
(pdftex.def)             Requested size: 51.21504pt x 55.10051pt.

<results/Prism0.1/snapshot02.jpg, id=219, 287.57437pt x 309.40594pt>
File: results/Prism0.1/snapshot02.jpg Graphic file (type jpg)

<use results/Prism0.1/snapshot02.jpg>
Package pdftex.def Info: results/Prism0.1/snapshot02.jpg used on input line 156
.
(pdftex.def)             Requested size: 51.21504pt x 55.10051pt.

<results/Prism0.1/snapshot03.jpg, id=220, 287.57437pt x 309.40594pt>
File: results/Prism0.1/snapshot03.jpg Graphic file (type jpg)

<use results/Prism0.1/snapshot03.jpg>
Package pdftex.def Info: results/Prism0.1/snapshot03.jpg used on input line 158
.
(pdftex.def)             Requested size: 51.21504pt x 55.10051pt.

<results/Prism0.1/snapshot04.jpg, id=221, 287.57437pt x 309.40594pt>
File: results/Prism0.1/snapshot04.jpg Graphic file (type jpg)

<use results/Prism0.1/snapshot04.jpg>
Package pdftex.def Info: results/Prism0.1/snapshot04.jpg used on input line 160
.
(pdftex.def)             Requested size: 51.21504pt x 55.10051pt.

<results/Prism0.1/snapshot05.jpg, id=222, 287.57437pt x 309.40594pt>
File: results/Prism0.1/snapshot05.jpg Graphic file (type jpg)

<use results/Prism0.1/snapshot05.jpg>
Package pdftex.def Info: results/Prism0.1/snapshot05.jpg used on input line 162
.
(pdftex.def)             Requested size: 51.21504pt x 55.10051pt.

<results/Prism0.1/snapshot06.jpg, id=223, 287.57437pt x 309.40594pt>
File: results/Prism0.1/snapshot06.jpg Graphic file (type jpg)

<use results/Prism0.1/snapshot06.jpg>
Package pdftex.def Info: results/Prism0.1/snapshot06.jpg used on input line 164
.
(pdftex.def)             Requested size: 51.21504pt x 55.10051pt.

<results/Prism0.1/snapshot07.jpg, id=224, 287.57437pt x 309.40594pt>
File: results/Prism0.1/snapshot07.jpg Graphic file (type jpg)

<use results/Prism0.1/snapshot07.jpg>
Package pdftex.def Info: results/Prism0.1/snapshot07.jpg used on input line 166
.
(pdftex.def)             Requested size: 51.21504pt x 55.10051pt.

<results/Prism0.1/snapshot08.jpg, id=225, 287.57437pt x 309.40594pt>
File: results/Prism0.1/snapshot08.jpg Graphic file (type jpg)

<use results/Prism0.1/snapshot08.jpg>
Package pdftex.def Info: results/Prism0.1/snapshot08.jpg used on input line 168
.
(pdftex.def)             Requested size: 51.21504pt x 55.10051pt.

<results/Bunny0.2/snapshot00C.jpg, id=226, 473.1276pt x 491.436pt>
File: results/Bunny0.2/snapshot00C.jpg Graphic file (type jpg)

<use results/Bunny0.2/snapshot00C.jpg>
Package pdftex.def Info: results/Bunny0.2/snapshot00C.jpg used on input line 17
3.
(pdftex.def)             Requested size: 51.21504pt x 53.19577pt.

<results/Bunny0.2/snapshot01C.jpg, id=227, 476.5002pt x 490.9542pt>
File: results/Bunny0.2/snapshot01C.jpg Graphic file (type jpg)

<use results/Bunny0.2/snapshot01C.jpg>
Package pdftex.def Info: results/Bunny0.2/snapshot01C.jpg used on input line 17
5.
(pdftex.def)             Requested size: 51.21504pt x 52.76155pt.

<results/Bunny0.2/snapshot02C.jpg, id=228, 479.8728pt x 491.436pt>
File: results/Bunny0.2/snapshot02C.jpg Graphic file (type jpg)

<use results/Bunny0.2/snapshot02C.jpg>
Package pdftex.def Info: results/Bunny0.2/snapshot02C.jpg used on input line 17
7.
(pdftex.def)             Requested size: 51.21504pt x 52.44589pt.

<results/Bunny0.2/snapshot03C.jpg, id=229, 481.8pt x 489.9906pt>
File: results/Bunny0.2/snapshot03C.jpg Graphic file (type jpg)

<use results/Bunny0.2/snapshot03C.jpg>
Package pdftex.def Info: results/Bunny0.2/snapshot03C.jpg used on input line 17
9.
(pdftex.def)             Requested size: 51.21504pt x 52.0823pt.

<results/Bunny0.2/snapshot04C.jpg, id=230, 476.5002pt x 493.3632pt>
File: results/Bunny0.2/snapshot04C.jpg Graphic file (type jpg)

<use results/Bunny0.2/snapshot04C.jpg>
Package pdftex.def Info: results/Bunny0.2/snapshot04C.jpg used on input line 18
1.
(pdftex.def)             Requested size: 51.21504pt x 53.02045pt.

<results/Bunny0.2/snapshot05C.jpg, id=231, 474.573pt x 493.3632pt>
File: results/Bunny0.2/snapshot05C.jpg Graphic file (type jpg)

<use results/Bunny0.2/snapshot05C.jpg>
Package pdftex.def Info: results/Bunny0.2/snapshot05C.jpg used on input line 18
3.
(pdftex.def)             Requested size: 51.21504pt x 53.23877pt.

<results/Bunny0.2/snapshot06C.jpg, id=232, 479.8728pt x 489.9906pt>
File: results/Bunny0.2/snapshot06C.jpg Graphic file (type jpg)

<use results/Bunny0.2/snapshot06C.jpg>
Package pdftex.def Info: results/Bunny0.2/snapshot06C.jpg used on input line 18
5.
(pdftex.def)             Requested size: 51.21504pt x 52.29164pt.

<results/Bunny0.2/snapshot07C.jpg, id=233, 481.3182pt x 491.436pt>
File: results/Bunny0.2/snapshot07C.jpg Graphic file (type jpg)

<use results/Bunny0.2/snapshot07C.jpg>
Package pdftex.def Info: results/Bunny0.2/snapshot07C.jpg used on input line 18
7.
(pdftex.def)             Requested size: 51.21504pt x 52.28842pt.

<results/Bunny0.2/snapshot08C.jpg, id=234, 479.391pt x 491.436pt>
File: results/Bunny0.2/snapshot08C.jpg Graphic file (type jpg)

<use results/Bunny0.2/snapshot08C.jpg>
Package pdftex.def Info: results/Bunny0.2/snapshot08C.jpg used on input line 18
9.
(pdftex.def)             Requested size: 51.21504pt x 52.4984pt.

<results/Julius0.2/snapshot00.jpg, id=235, 305.64188pt x 491.58656pt>
File: results/Julius0.2/snapshot00.jpg Graphic file (type jpg)

<use results/Julius0.2/snapshot00.jpg>
Package pdftex.def Info: results/Julius0.2/snapshot00.jpg used on input line 19
4.
(pdftex.def)             Requested size: 51.21504pt x 82.36844pt.

<results/Julius0.2/snapshot01.jpg, id=236, 305.64188pt x 491.58656pt>
File: results/Julius0.2/snapshot01.jpg Graphic file (type jpg)

<use results/Julius0.2/snapshot01.jpg>
Package pdftex.def Info: results/Julius0.2/snapshot01.jpg used on input line 19
6.
(pdftex.def)             Requested size: 51.21504pt x 82.36844pt.

<results/Julius0.2/snapshot02.jpg, id=237, 305.64188pt x 491.58656pt>
File: results/Julius0.2/snapshot02.jpg Graphic file (type jpg)

<use results/Julius0.2/snapshot02.jpg>
Package pdftex.def Info: results/Julius0.2/snapshot02.jpg used on input line 19
8.
(pdftex.def)             Requested size: 51.21504pt x 82.36844pt.

<results/Julius0.2/snapshot03.jpg, id=238, 305.64188pt x 491.58656pt>
File: results/Julius0.2/snapshot03.jpg Graphic file (type jpg)

<use results/Julius0.2/snapshot03.jpg>
Package pdftex.def Info: results/Julius0.2/snapshot03.jpg used on input line 20
0.
(pdftex.def)             Requested size: 51.21504pt x 82.36844pt.

<results/Julius0.2/snapshot04.jpg, id=239, 305.64188pt x 491.58656pt>
File: results/Julius0.2/snapshot04.jpg Graphic file (type jpg)

<use results/Julius0.2/snapshot04.jpg>
Package pdftex.def Info: results/Julius0.2/snapshot04.jpg used on input line 20
2.
(pdftex.def)             Requested size: 51.21504pt x 82.36844pt.

<results/Julius0.2/snapshot05.jpg, id=240, 305.64188pt x 491.58656pt>
File: results/Julius0.2/snapshot05.jpg Graphic file (type jpg)

<use results/Julius0.2/snapshot05.jpg>
Package pdftex.def Info: results/Julius0.2/snapshot05.jpg used on input line 20
4.
(pdftex.def)             Requested size: 51.21504pt x 82.36844pt.

<results/Julius0.2/snapshot06.jpg, id=241, 305.64188pt x 491.58656pt>
File: results/Julius0.2/snapshot06.jpg Graphic file (type jpg)

<use results/Julius0.2/snapshot06.jpg>
Package pdftex.def Info: results/Julius0.2/snapshot06.jpg used on input line 20
6.
(pdftex.def)             Requested size: 51.21504pt x 82.36844pt.

<results/Julius0.2/snapshot07.jpg, id=242, 305.64188pt x 491.58656pt>
File: results/Julius0.2/snapshot07.jpg Graphic file (type jpg)

<use results/Julius0.2/snapshot07.jpg>
Package pdftex.def Info: results/Julius0.2/snapshot07.jpg used on input line 20
8.
(pdftex.def)             Requested size: 51.21504pt x 82.36844pt.

<results/Julius0.2/snapshot08.jpg, id=243, 305.64188pt x 491.58656pt>
File: results/Julius0.2/snapshot08.jpg Graphic file (type jpg)

<use results/Julius0.2/snapshot08.jpg>
Package pdftex.def Info: results/Julius0.2/snapshot08.jpg used on input line 21
0.
(pdftex.def)             Requested size: 51.21504pt x 82.36844pt.
 [5pdfTeX warning (ext4): destination with the same identifier (name{figure.5})
 has been already used, duplicate ignored

\AtBegShi@Output ...ipout \box \AtBeginShipoutBox 
                                                  \fi \fi 
l.233 
      pdfTeX warning (ext4): destination with the same identifier (name{figure.
6}) has been already used, duplicate ignored

\AtBegShi@Output ...ipout \box \AtBeginShipoutBox 
                                                  \fi \fi 
l.233 
       <E:/JJCao_Progam/PropagatedDenoising/writeup/results/SigmaR/sigma_r.jpg>
 <E:/JJCao_Progam/PropagatedDenoising/writeup/results/Radius/radius.jpg>]
Underfull \vbox (badness 10000) has occurred while \output is active []

 [6pdfTeX warning (ext4): destination with the same identifier (name{figure.7})
 has been already used, duplicate ignored

\AtBegShi@Output ...ipout \box \AtBeginShipoutBox 
                                                  \fi \fi 
l.327 {\bfseries C
                  omparison with other methods on the real noisy meshes.}pdfTeX
 warning (ext4): destination with the same identifier (name{figure.8}) has been
 already used, duplicate ignored

\AtBegShi@Output ...ipout \box \AtBeginShipoutBox 
                                                  \fi \fi 
l.327 {\bfseries C
                  omparison with other methods on the real noisy meshes.} <E:/J
JCao_Progam/PropagatedDenoising/writeup/results/Octahedron0.3/snapshot00C.jpg> 
<E:/JJCao_Progam/PropagatedDenoising/writeup/results/Octahedron0.3/snapshot01C.
jpg> <E:/JJCao_Progam/PropagatedDenoising/writeup/results/Octahedron0.3/snapsho
t02C.jpg> <E:/JJCao_Progam/PropagatedDenoising/writeup/results/Octahedron0.3/sn
apshot03C.jpg> <E:/JJCao_Progam/PropagatedDenoising/writeup/results/Octahedron0
.3/snapshot04C.jpg> <E:/JJCao_Progam/PropagatedDenoising/writeup/results/Octahe
dron0.3/snapshot05C.jpg> <E:/JJCao_Progam/PropagatedDenoising/writeup/results/O
ctahedron0.3/snapshot06C.jpg> <E:/JJCao_Progam/PropagatedDenoising/writeup/resu
lts/Octahedron0.3/snapshot07C.jpg> <E:/JJCao_Progam/PropagatedDenoising/writeup
/results/Octahedron0.3/snapshot08C.jpg> <E:/JJCao_Progam/PropagatedDenoising/wr
iteup/results/Fandisk0.3/snapshot00.jpg> <E:/JJCao_Progam/PropagatedDenoising/w
riteup/results/Fandisk0.3/snapshot01.jpg> <E:/JJCao_Progam/PropagatedDenoising/
writeup/results/Fandisk0.3/snapshot02.jpg> <E:/JJCao_Progam/PropagatedDenoising
/writeup/results/Fandisk0.3/snapshot03.jpg> <E:/JJCao_Progam/PropagatedDenoisin
g/writeup/results/Fandisk0.3/snapshot04.jpg> <E:/JJCao_Progam/PropagatedDenoisi
ng/writeup/results/Fandisk0.3/snapshot05.jpg> <E:/JJCao_Progam/PropagatedDenois
ing/writeup/results/Fandisk0.3/snapshot06.jpg> <E:/JJCao_Progam/PropagatedDenoi
sing/writeup/results/Fandisk0.3/snapshot07.jpg> <E:/JJCao_Progam/PropagatedDeno
ising/writeup/results/Fandisk0.3/snapshot08.jpg> <E:/JJCao_Progam/PropagatedDen
oising/writeup/results/Prism0.1/snapshot00.jpg> <E:/JJCao_Progam/PropagatedDeno
ising/writeup/results/Prism0.1/snapshot01.jpg> <E:/JJCao_Progam/PropagatedDenoi
sing/writeup/results/Prism0.1/snapshot02.jpg> <E:/JJCao_Progam/PropagatedDenois
ing/writeup/results/Prism0.1/snapshot03.jpg> <E:/JJCao_Progam/PropagatedDenoisi
ng/writeup/results/Prism0.1/snapshot04.jpg> <E:/JJCao_Progam/PropagatedDenoisin
g/writeup/results/Prism0.1/snapshot05.jpg> <E:/JJCao_Progam/PropagatedDenoising
/writeup/results/Prism0.1/snapshot06.jpg> <E:/JJCao_Progam/PropagatedDenoising/
writeup/results/Prism0.1/snapshot07.jpg> <E:/JJCao_Progam/PropagatedDenoising/w
riteup/results/Prism0.1/snapshot08.jpg> <E:/JJCao_Progam/PropagatedDenoising/wr
iteup/results/Bunny0.2/snapshot00C.jpg> <E:/JJCao_Progam/PropagatedDenoising/wr
iteup/results/Bunny0.2/snapshot01C.jpg> <E:/JJCao_Progam/PropagatedDenoising/wr
iteup/results/Bunny0.2/snapshot02C.jpg> <E:/JJCao_Progam/PropagatedDenoising/wr
iteup/results/Bunny0.2/snapshot03C.jpg> <E:/JJCao_Progam/PropagatedDenoising/wr
iteup/results/Bunny0.2/snapshot04C.jpg> <E:/JJCao_Progam/PropagatedDenoising/wr
iteup/results/Bunny0.2/snapshot05C.jpg> <E:/JJCao_Progam/PropagatedDenoising/wr
iteup/results/Bunny0.2/snapshot06C.jpg> <E:/JJCao_Progam/PropagatedDenoising/wr
iteup/results/Bunny0.2/snapshot07C.jpg> <E:/JJCao_Progam/PropagatedDenoising/wr
iteup/results/Bunny0.2/snapshot08C.jpg> <E:/JJCao_Progam/PropagatedDenoising/wr
iteup/results/Julius0.2/snapshot00.jpg> <E:/JJCao_Progam/PropagatedDenoising/wr
iteup/results/Julius0.2/snapshot01.jpg> <E:/JJCao_Progam/PropagatedDenoising/wr
iteup/results/Julius0.2/snapshot02.jpg> <E:/JJCao_Progam/PropagatedDenoising/wr
iteup/results/Julius0.2/snapshot03.jpg> <E:/JJCao_Progam/PropagatedDenoising/wr
iteup/results/Julius0.2/snapshot04.jpg> <E:/JJCao_Progam/PropagatedDenoising/wr
iteup/results/Julius0.2/snapshot05.jpg> <E:/JJCao_Progam/PropagatedDenoising/wr
iteup/results/Julius0.2/snapshot06.jpg> <E:/JJCao_Progam/PropagatedDenoising/wr
iteup/results/Julius0.2/snapshot07.jpg> <E:/JJCao_Progam/PropagatedDenoising/wr
iteup/results/Julius0.2/snapshot08.jpg>]
<results/Angel/snapshot00C.jpg, id=366, 426.393pt x 494.3268pt>
File: results/Angel/snapshot00C.jpg Graphic file (type jpg)

<use results/Angel/snapshot00C.jpg>
Package pdftex.def Info: results/Angel/snapshot00C.jpg used on input line 341.
(pdftex.def)             Requested size: 56.9055pt x 65.9694pt.

<results/Angel/snapshot01C.jpg, id=367, 426.8748pt x 494.3268pt>
File: results/Angel/snapshot01C.jpg Graphic file (type jpg)

<use results/Angel/snapshot01C.jpg>
Package pdftex.def Info: results/Angel/snapshot01C.jpg used on input line 343.
(pdftex.def)             Requested size: 56.9055pt x 65.89398pt.

<results/Angel/snapshot02C.jpg, id=368, 426.393pt x 494.8086pt>
File: results/Angel/snapshot02C.jpg Graphic file (type jpg)

<use results/Angel/snapshot02C.jpg>
Package pdftex.def Info: results/Angel/snapshot02C.jpg used on input line 345.
(pdftex.def)             Requested size: 56.9055pt x 66.0337pt.

<results/Angel/snapshot03C.jpg, id=369, 426.393pt x 493.845pt>
File: results/Angel/snapshot03C.jpg Graphic file (type jpg)

<use results/Angel/snapshot03C.jpg>
Package pdftex.def Info: results/Angel/snapshot03C.jpg used on input line 347.
(pdftex.def)             Requested size: 56.9055pt x 65.9051pt.

<results/Angel/snapshot04C.jpg, id=370, 426.393pt x 494.3268pt>
File: results/Angel/snapshot04C.jpg Graphic file (type jpg)

<use results/Angel/snapshot04C.jpg>
Package pdftex.def Info: results/Angel/snapshot04C.jpg used on input line 349.
(pdftex.def)             Requested size: 56.9055pt x 65.9694pt.

<results/Angel/snapshot05C.jpg, id=371, 426.8748pt x 494.3268pt>
File: results/Angel/snapshot05C.jpg Graphic file (type jpg)

<use results/Angel/snapshot05C.jpg>
Package pdftex.def Info: results/Angel/snapshot05C.jpg used on input line 351.
(pdftex.def)             Requested size: 56.9055pt x 65.89398pt.

<results/Angel/snapshot06C.jpg, id=372, 426.8748pt x 494.8086pt>
File: results/Angel/snapshot06C.jpg Graphic file (type jpg)

<use results/Angel/snapshot06C.jpg>
Package pdftex.def Info: results/Angel/snapshot06C.jpg used on input line 353.
(pdftex.def)             Requested size: 56.9055pt x 65.9582pt.

<results/Angel/snapshot07C.jpg, id=373, 426.8748pt x 494.3268pt>
File: results/Angel/snapshot07C.jpg Graphic file (type jpg)

<use results/Angel/snapshot07C.jpg>
Package pdftex.def Info: results/Angel/snapshot07C.jpg used on input line 355.
(pdftex.def)             Requested size: 56.9055pt x 65.89398pt.

<results/Rabbit/snapshot00.jpg, id=374, 572.89032pt x 481.8pt>
File: results/Rabbit/snapshot00.jpg Graphic file (type jpg)

<use results/Rabbit/snapshot00.jpg>
Package pdftex.def Info: results/Rabbit/snapshot00.jpg used on input line 359.
(pdftex.def)             Requested size: 56.9055pt x 47.85199pt.

<results/Rabbit/snapshot01.jpg, id=375, 572.89032pt x 481.8pt>
File: results/Rabbit/snapshot01.jpg Graphic file (type jpg)

<use results/Rabbit/snapshot01.jpg>
Package pdftex.def Info: results/Rabbit/snapshot01.jpg used on input line 361.
(pdftex.def)             Requested size: 56.9055pt x 47.85199pt.

<results/Rabbit/snapshot02.jpg, id=376, 572.89032pt x 481.8pt>
File: results/Rabbit/snapshot02.jpg Graphic file (type jpg)

<use results/Rabbit/snapshot02.jpg>
Package pdftex.def Info: results/Rabbit/snapshot02.jpg used on input line 363.
(pdftex.def)             Requested size: 56.9055pt x 47.85199pt.

<results/Rabbit/snapshot03.jpg, id=377, 572.89032pt x 481.8pt>
File: results/Rabbit/snapshot03.jpg Graphic file (type jpg)

<use results/Rabbit/snapshot03.jpg>
Package pdftex.def Info: results/Rabbit/snapshot03.jpg used on input line 365.
(pdftex.def)             Requested size: 56.9055pt x 47.85199pt.

<results/Rabbit/snapshot04.jpg, id=378, 572.89032pt x 481.8pt>
File: results/Rabbit/snapshot04.jpg Graphic file (type jpg)

<use results/Rabbit/snapshot04.jpg>
Package pdftex.def Info: results/Rabbit/snapshot04.jpg used on input line 367.
(pdftex.def)             Requested size: 56.9055pt x 47.85199pt.

<results/Rabbit/snapshot05.jpg, id=379, 572.89032pt x 481.8pt>
File: results/Rabbit/snapshot05.jpg Graphic file (type jpg)

<use results/Rabbit/snapshot05.jpg>
Package pdftex.def Info: results/Rabbit/snapshot05.jpg used on input line 369.
(pdftex.def)             Requested size: 56.9055pt x 47.85199pt.

<results/Rabbit/snapshot06.jpg, id=380, 572.89032pt x 481.8pt>
File: results/Rabbit/snapshot06.jpg Graphic file (type jpg)

<use results/Rabbit/snapshot06.jpg>
Package pdftex.def Info: results/Rabbit/snapshot06.jpg used on input line 371.
(pdftex.def)             Requested size: 56.9055pt x 47.85199pt.

<results/Rabbit/snapshot07.jpg, id=381, 572.89032pt x 481.8pt>
File: results/Rabbit/snapshot07.jpg Graphic file (type jpg)

<use results/Rabbit/snapshot07.jpg>
Package pdftex.def Info: results/Rabbit/snapshot07.jpg used on input line 373.
(pdftex.def)             Requested size: 56.9055pt x 47.85199pt.

<results/Iron/snapshot00C.jpg, id=382, 317.0244pt x 460.119pt>
File: results/Iron/snapshot00C.jpg Graphic file (type jpg)

<use results/Iron/snapshot00C.jpg>
Package pdftex.def Info: results/Iron/snapshot00C.jpg used on input line 377.
(pdftex.def)             Requested size: 56.9055pt x 82.58615pt.

<results/Iron/snapshot01C.jpg, id=383, 317.0244pt x 460.119pt>
File: results/Iron/snapshot01C.jpg Graphic file (type jpg)

<use results/Iron/snapshot01C.jpg>
Package pdftex.def Info: results/Iron/snapshot01C.jpg used on input line 379.
(pdftex.def)             Requested size: 56.9055pt x 82.58615pt.

<results/Iron/snapshot02C.jpg, id=384, 316.5426pt x 460.119pt>
File: results/Iron/snapshot02C.jpg Graphic file (type jpg)

<use results/Iron/snapshot02C.jpg>
Package pdftex.def Info: results/Iron/snapshot02C.jpg used on input line 381.
(pdftex.def)             Requested size: 56.9055pt x 82.71252pt.

<results/Iron/snapshot03C.jpg, id=385, 316.5426pt x 460.119pt>
File: results/Iron/snapshot03C.jpg Graphic file (type jpg)

<use results/Iron/snapshot03C.jpg>
Package pdftex.def Info: results/Iron/snapshot03C.jpg used on input line 383.
(pdftex.def)             Requested size: 56.9055pt x 82.71252pt.

<results/Iron/snapshot04C.jpg, id=386, 317.0244pt x 460.119pt>
File: results/Iron/snapshot04C.jpg Graphic file (type jpg)

<use results/Iron/snapshot04C.jpg>
Package pdftex.def Info: results/Iron/snapshot04C.jpg used on input line 385.
(pdftex.def)             Requested size: 56.9055pt x 82.58615pt.

<results/Iron/snapshot05C.jpg, id=387, 317.0244pt x 460.119pt>
File: results/Iron/snapshot05C.jpg Graphic file (type jpg)

<use results/Iron/snapshot05C.jpg>
Package pdftex.def Info: results/Iron/snapshot05C.jpg used on input line 387.
(pdftex.def)             Requested size: 56.9055pt x 82.58615pt.

<results/Iron/snapshot06C.jpg, id=388, 317.0244pt x 459.6372pt>
File: results/Iron/snapshot06C.jpg Graphic file (type jpg)

<use results/Iron/snapshot06C.jpg>
Package pdftex.def Info: results/Iron/snapshot06C.jpg used on input line 389.
(pdftex.def)             Requested size: 56.9055pt x 82.49968pt.

<results/Iron/snapshot07C.jpg, id=389, 317.0244pt x 459.6372pt>
File: results/Iron/snapshot07C.jpg Graphic file (type jpg)

<use results/Iron/snapshot07C.jpg>
Package pdftex.def Info: results/Iron/snapshot07C.jpg used on input line 391.
(pdftex.def)             Requested size: 56.9055pt x 82.49968pt.

<results/convergence.jpg, id=412, 335.00156pt x 371.13657pt>
File: results/convergence.jpg Graphic file (type jpg)

<use results/convergence.jpg>
Package pdftex.def Info: results/convergence.jpg used on input line 449.
(pdftex.def)             Requested size: 227.62204pt x 252.17131pt.
 [7pdfTeX warning (ext4): destination with the same identifier (name{table.1}) 
has been already used, duplicate ignored

\AtBegShi@Output ...ipout \box \AtBeginShipoutBox 
                                                  \fi \fi 
l.464 
      pdfTeX warning (ext4): destination with the same identifier (name{table.2
}) has been already used, duplicate ignored

\AtBegShi@Output ...ipout \box \AtBeginShipoutBox 
                                                  \fi \fi 
l.464 
      pdfTeX warning (ext4): destination with the same identifier (name{figure.
10}) has been already used, duplicate ignored

\AtBegShi@Output ...ipout \box \AtBeginShipoutBox 
                                                  \fi \fi 
l.464 
       <E:/JJCao_Progam/PropagatedDenoising/writeup/results/convergence.jpg>])
(E:\JJCao_Progam\PropagatedDenoising\writeup\EGauthorGuidelines-conf-sub.bbl
(E:\JJCao_Progam\PropagatedDenoising\writeup\EGauthorGuidelines-conf-sub.brf)
\tf@brf=\write3
LaTeX Font Info:    Font shape `OT1/ptm/bx/n' in size <8> not available
(Font)              Font shape `OT1/ptm/b/n' tried instead on input line 62.
LaTeX Font Info:    Font shape `OT1/ptm/bx/n' in size <6> not available
(Font)              Font shape `OT1/ptm/b/n' tried instead on input line 62.

[8pdfTeX warning (ext4): destination with the same identifier (name{figure.9}) 
has been already used, duplicate ignored

\AtBegShi@Output ...ipout \box \AtBeginShipoutBox 
                                                  \fi \fi 
l.121 
       <E:/JJCao_Progam/PropagatedDenoising/writeup/results/Angel/snapshot00C.j
pg> <E:/JJCao_Progam/PropagatedDenoising/writeup/results/Angel/snapshot01C.jpg>
 <E:/JJCao_Progam/PropagatedDenoising/writeup/results/Angel/snapshot02C.jpg> <E
:/JJCao_Progam/PropagatedDenoising/writeup/results/Angel/snapshot03C.jpg> <E:/J
JCao_Progam/PropagatedDenoising/writeup/results/Angel/snapshot04C.jpg> <E:/JJCa
o_Progam/PropagatedDenoising/writeup/results/Angel/snapshot05C.jpg> <E:/JJCao_P
rogam/PropagatedDenoising/writeup/results/Angel/snapshot06C.jpg> <E:/JJCao_Prog
am/PropagatedDenoising/writeup/results/Angel/snapshot07C.jpg> <E:/JJCao_Progam/
PropagatedDenoising/writeup/results/Rabbit/snapshot00.jpg> <E:/JJCao_Progam/Pro
pagatedDenoising/writeup/results/Rabbit/snapshot01.jpg> <E:/JJCao_Progam/Propag
atedDenoising/writeup/results/Rabbit/snapshot02.jpg> <E:/JJCao_Progam/Propagate
dDenoising/writeup/results/Rabbit/snapshot03.jpg> <E:/JJCao_Progam/PropagatedDe
noising/writeup/results/Rabbit/snapshot04.jpg> <E:/JJCao_Progam/PropagatedDenoi
sing/writeup/results/Rabbit/snapshot05.jpg> <E:/JJCao_Progam/PropagatedDenoisin
g/writeup/results/Rabbit/snapshot06.jpg> <E:/JJCao_Progam/PropagatedDenoising/w
riteup/results/Rabbit/snapshot07.jpg> <E:/JJCao_Progam/PropagatedDenoising/writ
eup/results/Iron/snapshot00C.jpg> <E:/JJCao_Progam/PropagatedDenoising/writeup/
results/Iron/snapshot01C.jpg> <E:/JJCao_Progam/PropagatedDenoising/writeup/resu
lts/Iron/snapshot02C.jpg> <E:/JJCao_Progam/PropagatedDenoising/writeup/results/
Iron/snapshot03C.jpg> <E:/JJCao_Progam/PropagatedDenoising/writeup/results/Iron
/snapshot04C.jpg> <E:/JJCao_Progam/PropagatedDenoising/writeup/results/Iron/sna
pshot05C.jpg> <E:/JJCao_Progam/PropagatedDenoising/writeup/results/Iron/snapsho
t06C.jpg> <E:/JJCao_Progam/PropagatedDenoising/writeup/results/Iron/snapshot07C
.jpg>])
Package atveryend Info: Empty hook `BeforeClearDocument' on input line 95.
 [9

]
Package atveryend Info: Empty hook `AfterLastShipout' on input line 95.

(E:\JJCao_Progam\PropagatedDenoising\writeup\EGauthorGuidelines-conf-sub.aux)
Package atveryend Info: Executing hook `AtVeryEndDocument' on input line 95.
Package atveryend Info: Executing hook `AtEndAfterFileList' on input line 95.
Package rerunfilecheck Info: File `EGauthorGuidelines-conf-sub.brf' has not cha
nged.
(rerunfilecheck)             Checksum: A611F21311BC9D614C36694FD2001253;4546.
 ) ) 
Here is how much of TeX's memory you used:
 7644 strings out of 495354
 119125 string characters out of 3182740
 231345 words of memory out of 3000000
 10468 multiletter control sequences out of 15000+200000
 53898 words of font info for 82 fonts, out of 3000000 for 9000
 14 hyphenation exceptions out of 8191
 33i,10n,29p,693b,421s stack positions out of 5000i,500n,10000p,200000b,50000s
{D:/Program Files (x86)/CTEX/MiKTeX/fonts/enc/dvips/fontname/8r.enc}<D:/Pro
gram Files (x86)/CTEX/MiKTeX/fonts/type1/public/amsfonts/cm/cmex10.pfb><D:/Prog
ram Files (x86)/CTEX/MiKTeX/fonts/type1/public/amsfonts/cmextra/cmex9.pfb><D:/P
rogram Files (x86)/CTEX/MiKTeX/fonts/type1/public/amsfonts/cm/cmmi10.pfb><D:/Pr
ogram Files (x86)/CTEX/MiKTeX/fonts/type1/public/amsfonts/cm/cmr10.pfb><D:/Prog
ram Files (x86)/CTEX/MiKTeX/fonts/type1/public/amsfonts/cm/cmsy5.pfb><D:/Progra
m Files (x86)/CTEX/MiKTeX/fonts/type1/public/amsfonts/cm/cmsy6.pfb><D:/Program 
Files (x86)/CTEX/MiKTeX/fonts/type1/public/amsfonts/cm/cmsy7.pfb><D:/Program Fi
les (x86)/CTEX/MiKTeX/fonts/type1/public/amsfonts/cm/cmsy9.pfb><D:/Program File
s (x86)/CTEX/MiKTeX/fonts/type1/urw/symbol/usyr.pfb><D:/Program Files (x86)/CTE
X/MiKTeX/fonts/type1/urw/times/utmb8a.pfb><D:/Program Files (x86)/CTEX/MiKTeX/f
onts/type1/urw/times/utmr8a.pfb><D:/Program Files (x86)/CTEX/MiKTeX/fonts/type1
/urw/times/utmri8a.pfb>
Output written on EGauthorGuidelines-conf-sub.pdf (9 pages, 6712826 bytes).
PDF statistics:
 593 PDF objects out of 1000 (max. 8388607)
 155 named destinations out of 1000 (max. 500000)
 381 words of extra memory for PDF output out of 10000 (max. 10000000)

